# JRE version: OpenJDK Runtime Environment (21.0.10) (build 21.0.10+-14961533-b1163.108)
# Java VM: OpenJDK 64-Bit Server VM (21.0.10+-14961533-b1163.108, mixed mode, tiered, compressed oops, compressed class ptrs, g1 gc, windows-amd64)
GC Precious Log:
 CardTable entry size: 512
 Card Set container configuration: InlinePtr #cards 5 size 8 Array Of Cards #cards 12 size 40 Howl #buckets 4 coarsen threshold 1843 Howl Bitmap #cards 512 size 80 coarsen threshold 460 Card regions per heap region 1 cards per card region 2048
 CPUs: 12 total, 12 available
 Memory: 32559M
 Large Page Support: Disabled
 NUMA Support: Disabled
 Compressed Oops: Enabled (32-bit)
 Heap Region Size: 1M
 Heap Min Capacity: 8M
 Heap Initial Capacity: 510M
 Heap Max Capacity: 2G
 Pre-touch: Disabled
 Parallel Workers: 10
 Concurrent Workers: 3
 Concurrent Refinement Workers: 10
 Periodic GC: Disabled
Heap:
 garbage-first heap   total 211968K, used 92245K [0x0000000080000000, 0x0000000100000000)
  region size 1024K, 34 young (34816K), 4 survivors (4096K)
 Metaspace       used 58842K, committed 60544K, reserved 1114112K
  class space    used 8327K, committed 9152K, reserved 1048576K
GC Heap History (20 events):
Event: 2.754 GC heap before
{Heap before GC invocations=2 (full 0):
 garbage-first heap   total 522240K, used 67850K [0x0000000080000000, 0x0000000100000000)
  region size 1024K, 55 young (56320K), 2 survivors (2048K)
 Metaspace       used 21156K, committed 21504K, reserved 1114112K
  class space    used 2487K, committed 2688K, reserved 1048576K
}
Event: 2.759 GC heap after
{Heap after GC invocations=3 (full 0):
 garbage-first heap   total 522240K, used 20925K [0x0000000080000000, 0x0000000100000000)
  region size 1024K, 9 young (9216K), 9 survivors (9216K)
 Metaspace       used 21156K, committed 21504K, reserved 1114112K
  class space    used 2487K, committed 2688K, reserved 1048576K
}
Event: 4.156 GC heap before
{Heap before GC invocations=4 (full 0):
 garbage-first heap   total 71680K, used 71101K [0x0000000080000000, 0x0000000100000000)
  region size 1024K, 58 young (59392K), 9 survivors (9216K)
 Metaspace       used 29715K, committed 30208K, reserved 1114112K
  class space    used 3810K, committed 4032K, reserved 1048576K
}
Event: 4.168 GC heap after
{Heap after GC invocations=5 (full 0):
 garbage-first heap   total 83968K, used 24007K [0x0000000080000000, 0x0000000100000000)
  region size 1024K, 12 young (12288K), 12 survivors (12288K)
 Metaspace       used 29715K, committed 30208K, reserved 1114112K
  class space    used 3810K, committed 4032K, reserved 1048576K
}
Event: 5.287 GC heap before
{Heap before GC invocations=5 (full 0):
 garbage-first heap   total 83968K, used 60871K [0x0000000080000000, 0x0000000100000000)
  region size 1024K, 49 young (50176K), 12 survivors (12288K)
 Metaspace       used 34919K, committed 35648K, reserved 1114112K
  class space    used 4688K, committed 5056K, reserved 1048576K
}
Event: 5.298 GC heap after
{Heap after GC invocations=6 (full 0):
 garbage-first heap   total 83968K, used 25884K [0x0000000080000000, 0x0000000100000000)
  region size 1024K, 6 young (6144K), 6 survivors (6144K)
 Metaspace       used 34919K, committed 35648K, reserved 1114112K
  class space    used 4688K, committed 5056K, reserved 1048576K
}
Event: 5.381 GC heap before
{Heap before GC invocations=6 (full 0):
 garbage-first heap   total 83968K, used 29980K [0x0000000080000000, 0x0000000100000000)
  region size 1024K, 11 young (11264K), 6 survivors (6144K)
 Metaspace       used 35354K, committed 36096K, reserved 1114112K
  class space    used 4763K, committed 5120K, reserved 1048576K
}
Event: 5.388 GC heap after
{Heap after GC invocations=7 (full 0):
 garbage-first heap   total 83968K, used 26450K [0x0000000080000000, 0x0000000100000000)
  region size 1024K, 4 young (4096K), 4 survivors (4096K)
 Metaspace       used 35354K, committed 36096K, reserved 1114112K
  class space    used 4763K, committed 5120K, reserved 1048576K
}
Event: 6.424 GC heap before
{Heap before GC invocations=8 (full 0):
 garbage-first heap   total 84992K, used 82770K [0x0000000080000000, 0x0000000100000000)
  region size 1024K, 42 young (43008K), 4 survivors (4096K)
 Metaspace       used 39935K, committed 40960K, reserved 1114112K
  class space    used 5459K, committed 5952K, reserved 1048576K
}
Event: 6.433 GC heap after
{Heap after GC invocations=9 (full 0):
 garbage-first heap   total 97280K, used 51709K [0x0000000080000000, 0x0000000100000000)
  region size 1024K, 6 young (6144K), 6 survivors (6144K)
 Metaspace       used 39935K, committed 40960K, reserved 1114112K
  class space    used 5459K, committed 5952K, reserved 1048576K
}
Event: 7.215 GC heap before
{Heap before GC invocations=9 (full 0):
 garbage-first heap   total 97280K, used 81405K [0x0000000080000000, 0x0000000100000000)
  region size 1024K, 36 young (36864K), 6 survivors (6144K)
 Metaspace       used 43742K, committed 44864K, reserved 1114112K
  class space    used 6062K, committed 6592K, reserved 1048576K
}
Event: 7.221 GC heap after
{Heap after GC invocations=10 (full 0):
 garbage-first heap   total 97280K, used 52633K [0x0000000080000000, 0x0000000100000000)
  region size 1024K, 2 young (2048K), 2 survivors (2048K)
 Metaspace       used 43742K, committed 44864K, reserved 1114112K
  class space    used 6062K, committed 6592K, reserved 1048576K
}
Event: 8.048 GC heap before
{Heap before GC invocations=10 (full 0):
 garbage-first heap   total 97280K, used 83353K [0x0000000080000000, 0x0000000100000000)
  region size 1024K, 33 young (33792K), 2 survivors (2048K)
 Metaspace       used 48252K, committed 49600K, reserved 1114112K
  class space    used 6727K, committed 7424K, reserved 1048576K
}
Event: 8.054 GC heap after
{Heap after GC invocations=11 (full 0):
 garbage-first heap   total 97280K, used 54419K [0x0000000080000000, 0x0000000100000000)
  region size 1024K, 4 young (4096K), 4 survivors (4096K)
 Metaspace       used 48252K, committed 49600K, reserved 1114112K
  class space    used 6727K, committed 7424K, reserved 1048576K
}
Event: 8.989 GC heap before
{Heap before GC invocations=12 (full 0):
 garbage-first heap   total 97280K, used 85139K [0x0000000080000000, 0x0000000100000000)
  region size 1024K, 34 young (34816K), 4 survivors (4096K)
 Metaspace       used 52549K, committed 54080K, reserved 1114112K
  class space    used 7332K, committed 8064K, reserved 1048576K
}
Event: 8.998 GC heap after
{Heap after GC invocations=13 (full 0):
 garbage-first heap   total 97280K, used 57870K [0x0000000080000000, 0x0000000100000000)
  region size 1024K, 5 young (5120K), 5 survivors (5120K)
 Metaspace       used 52549K, committed 54080K, reserved 1114112K
  class space    used 7332K, committed 8064K, reserved 1048576K
}
Event: 9.762 GC heap before
{Heap before GC invocations=13 (full 0):
 garbage-first heap   total 97280K, used 85518K [0x0000000080000000, 0x0000000100000000)
  region size 1024K, 32 young (32768K), 5 survivors (5120K)
 Metaspace       used 55841K, committed 57408K, reserved 1114112K
  class space    used 7881K, committed 8640K, reserved 1048576K
}
Event: 9.771 GC heap after
{Heap after GC invocations=14 (full 0):
 garbage-first heap   total 97280K, used 59449K [0x0000000080000000, 0x0000000100000000)
  region size 1024K, 2 young (2048K), 2 survivors (2048K)
 Metaspace       used 55841K, committed 57408K, reserved 1114112K
  class space    used 7881K, committed 8640K, reserved 1048576K
}
Event: 10.489 GC heap before
{Heap before GC invocations=14 (full 0):
 garbage-first heap   total 97280K, used 86073K [0x0000000080000000, 0x0000000100000000)
  region size 1024K, 29 young (29696K), 2 survivors (2048K)
 Metaspace       used 57134K, committed 58688K, reserved 1114112K
  class space    used 8093K, committed 8832K, reserved 1048576K
}
Event: 10.496 GC heap after
{Heap after GC invocations=15 (full 0):
 garbage-first heap   total 310272K, used 62549K [0x0000000080000000, 0x0000000100000000)
  region size 1024K, 4 young (4096K), 4 survivors (4096K)
 Metaspace       used 57134K, committed 58688K, reserved 1114112K
  class space    used 8093K, committed 8832K, reserved 1048576K
}

